{"C:\\dev\\.active\\Test-Device-Booking\\tests\\sum.test.js": {"path":"C:\\dev\\.active\\Test-Device-Booking\\tests\\sum.test.js","statementMap":{"0":{"start":{"line":1,"column":0},"end":{"line":3,"column":5}},"1":{"start":{"line":6,"column":0},"end":{"line":8,"column":3}},"2":{"start":{"line":7,"column":4},"end":{"line":7,"column":26}}},"fnMap":{"0":{"name":"(anonymous_0)","decl":{"start":{"line":6,"column":30},"end":{"line":6,"column":31}},"loc":{"start":{"line":6,"column":36},"end":{"line":8,"column":1}},"line":6}},"branchMap":{},"s":{"0":1,"1":1,"2":1},"f":{"0":1},"b":{},"_coverageSchema":"43e27e138ebf9cfc5966b082cf9a028302ed4184","hash":"634c0cbc982f10e5100acfc3dc2b666bf6f63917"}
}
